<?xml version="1.0" encoding="UTF-8"?>
<!-- Generated by org.testng.reporters.JUnitReportReporter -->
<testsuite hostname="samuel-manjaro" failures="0" tests="16" name="hust.cs.javacourse.search.index.PostingTest" time="0.009" errors="0" timestamp="11 Apr 2020 08:34:42 GMT" skipped="0">
  <testcase classname="hust.cs.javacourse.search.index.PostingTest" name="testTestEquals" time="0.000"/>
  <testcase classname="hust.cs.javacourse.search.index.PostingTest" name="testCompareTo" time="0.000"/>
  <testcase classname="hust.cs.javacourse.search.index.PostingTest" name="testSetDocId" time="0.000"/>
  <testcase classname="hust.cs.javacourse.search.index.PostingTest" name="testGetFreq" time="0.000"/>
  <testcase classname="hust.cs.javacourse.search.index.PostingTest" name="testTestEquals" time="0.000"/>
  <testcase classname="hust.cs.javacourse.search.index.PostingTest" name="testReadObject" time="0.001"/>
  <testcase classname="hust.cs.javacourse.search.index.PostingTest" name="testTestEquals" time="0.000"/>
  <testcase classname="hust.cs.javacourse.search.index.PostingTest" name="testSetPositions" time="0.000"/>
  <testcase classname="hust.cs.javacourse.search.index.PostingTest" name="testWriteObject" time="0.005"/>
  <testcase classname="hust.cs.javacourse.search.index.PostingTest" name="testSort" time="0.001"/>
  <testcase classname="hust.cs.javacourse.search.index.PostingTest" name="testGetPositions" time="0.002"/>
  <testcase classname="hust.cs.javacourse.search.index.PostingTest" name="testSetFreq" time="0.000"/>
  <testcase classname="hust.cs.javacourse.search.index.PostingTest" name="testGetDocId" time="0.000"/>
  <testcase classname="hust.cs.javacourse.search.index.PostingTest" name="testTestEquals" time="0.000"/>
  <testcase classname="hust.cs.javacourse.search.index.PostingTest" name="testTestEquals" time="0.000"/>
  <testcase classname="hust.cs.javacourse.search.index.PostingTest" name="testTestToString" time="0.000"/>
</testsuite> <!-- hust.cs.javacourse.search.index.PostingTest -->
