<?xml version="1.0" encoding="UTF-8"?>
<!-- Generated by org.testng.reporters.JUnitReportReporter -->
<testsuite hostname="samuel-manjaro" failures="0" tests="12" name="hust.cs.javacourse.search.index.DocumentTest" time="0.002" errors="0" timestamp="11 Apr 2020 08:34:42 GMT" skipped="0">
  <testcase classname="hust.cs.javacourse.search.index.DocumentTest" name="testGetDocId" time="0.000"/>
  <testcase classname="hust.cs.javacourse.search.index.DocumentTest" name="testGetTupleSize" time="0.000"/>
  <testcase classname="hust.cs.javacourse.search.index.DocumentTest" name="testGetTuples" time="0.000"/>
  <testcase classname="hust.cs.javacourse.search.index.DocumentTest" name="testGetDocPath" time="0.000"/>
  <testcase classname="hust.cs.javacourse.search.index.DocumentTest" name="testAddTuple" time="0.000"/>
  <testcase classname="hust.cs.javacourse.search.index.DocumentTest" name="testSetDocId" time="0.000"/>
  <testcase classname="hust.cs.javacourse.search.index.DocumentTest" name="testGetTupleSize" time="0.000"/>
  <testcase classname="hust.cs.javacourse.search.index.DocumentTest" name="testContains" time="0.000"/>
  <testcase classname="hust.cs.javacourse.search.index.DocumentTest" name="testSetDocPath" time="0.000"/>
  <testcase classname="hust.cs.javacourse.search.index.DocumentTest" name="testTestToString" time="0.001"/>
  <testcase classname="hust.cs.javacourse.search.index.DocumentTest" name="testContains" time="0.000"/>
  <testcase classname="hust.cs.javacourse.search.index.DocumentTest" name="testGetTuple" time="0.001"/>
</testsuite> <!-- hust.cs.javacourse.search.index.DocumentTest -->
