<?xml version="1.0" encoding="UTF-8"?>
<!-- Generated by org.testng.reporters.JUnitReportReporter -->
<testsuite hostname="samuel-manjaro" failures="0" tests="2" name="hust.cs.javacourse.search.parse.ScannerFilterAllInOneTest" time="0.001" errors="0" timestamp="11 Apr 2020 08:34:42 GMT" skipped="0">
  <testcase classname="hust.cs.javacourse.search.parse.ScannerFilterAllInOneTest" name="testNext" time="0.001"/>
  <testcase classname="hust.cs.javacourse.search.parse.ScannerFilterAllInOneTest" name="testNext" time="0.000"/>
</testsuite> <!-- hust.cs.javacourse.search.parse.ScannerFilterAllInOneTest -->
